<?xml version="1.0" encoding="UTF-8"?>
<!-- Generated by org.testng.reporters.JUnitReportReporter -->
<testsuite hostname="BRILAP2870" failures="0" tests="5" name="Examples.GroupTestNGusingxml" time="0.014" errors="0" timestamp="2021-06-28T13:06:58 IST" skipped="0">
  <testcase classname="Examples.GroupTestNGusingxml" name="viewAccount2" time="0.001"/>
  <system-out/>
  <testcase classname="Examples.GroupTestNGusingxml" name="viewAccount" time="0.001"/>
  <system-out/>
  <testcase classname="Examples.GroupTestNGusingxml" name="logout" time="0.001"/>
  <system-out/>
  <testcase classname="Examples.GroupTestNGusingxml" name="login" time="0.001"/>
  <system-out/>
  <testcase classname="Examples.GroupTestNGusingxml" name="OpenBrowser" time="0.010"/>
  <system-out/>
</testsuite> <!-- Examples.GroupTestNGusingxml -->
