<?xml version="1.0" encoding="UTF-8"?>
<!-- Generated by org.testng.reporters.JUnitReportReporter -->
<testsuite hostname="BRILAP2870" failures="0" tests="6" name="Examples.DataProviderXlsx" time="6.356" errors="0" timestamp="2021-06-28T17:13:10 IST" skipped="0">
  <testcase classname="Examples.DataProviderXlsx" name="verifyInvalidLogin" time="1.921"/>
  <system-out/>
  <testcase classname="Examples.DataProviderXlsx" name="verifyInvalidLogin" time="0.871"/>
  <system-out/>
  <testcase classname="Examples.DataProviderXlsx" name="verifyInvalidLogin" time="0.874"/>
  <system-out/>
  <testcase classname="Examples.DataProviderXlsx" name="verifyInvalidLogin" time="0.972"/>
  <system-out/>
  <testcase classname="Examples.DataProviderXlsx" name="verifyInvalidLogin" time="0.667"/>
  <system-out/>
  <testcase classname="Examples.DataProviderXlsx" name="verifyInvalidLogin" time="1.051"/>
  <system-out/>
</testsuite> <!-- Examples.DataProviderXlsx -->
