<?xml version="1.0" encoding="UTF-8"?>
<!-- Generated by org.testng.reporters.JUnitReportReporter -->
<testsuite hostname="BRILAP2870" failures="0" tests="2" name="Examples.CrossBrowserDemo" time="46.533" errors="0" timestamp="2021-06-28T11:47:35 IST" skipped="0">
  <testcase classname="Examples.CrossBrowserDemo" name="demo1" time="23.791"/>
  <system-out/>
  <testcase classname="Examples.CrossBrowserDemo" name="demo1" time="22.742"/>
  <system-out/>
</testsuite> <!-- Examples.CrossBrowserDemo -->
