<?xml version="1.0" encoding="UTF-8"?>
<!-- Generated by org.testng.reporters.JUnitReportReporter -->
<testsuite hostname="BRILAP2870" failures="0" tests="1" name="Examples.DataProviderExcelArray" time="0.000" errors="0" timestamp="2021-06-29T10:10:39 IST" skipped="1">
  <testcase classname="Examples.DataProviderExcelArray" name="verifyInvalidLogin" time="0.000">
    <skipped/>
  </testcase> <!-- verifyInvalidLogin -->
  <system-out/>
</testsuite> <!-- Examples.DataProviderExcelArray -->
