<?xml version="1.0" encoding="UTF-8"?>
<!-- Generated by org.testng.reporters.JUnitReportReporter -->
<testsuite hostname="BRILAP2870" failures="0" tests="6" name="Examples.DataProviderXls" time="5.484" errors="0" timestamp="2021-06-28T16:59:50 IST" skipped="0">
  <testcase classname="Examples.DataProviderXls" name="verifyInvalidLogin" time="0.751"/>
  <system-out/>
  <testcase classname="Examples.DataProviderXls" name="verifyInvalidLogin" time="0.696"/>
  <system-out/>
  <testcase classname="Examples.DataProviderXls" name="verifyInvalidLogin" time="0.777"/>
  <system-out/>
  <testcase classname="Examples.DataProviderXls" name="verifyInvalidLogin" time="0.738"/>
  <system-out/>
  <testcase classname="Examples.DataProviderXls" name="verifyInvalidLogin" time="0.722"/>
  <system-out/>
  <testcase classname="Examples.DataProviderXls" name="verifyInvalidLogin" time="1.800"/>
  <system-out/>
</testsuite> <!-- Examples.DataProviderXls -->
