<?xml version="1.0" encoding="UTF-8"?>
<!-- Generated by org.testng.reporters.JUnitReportReporter -->
<testsuite hostname="BRILAP2870" failures="0" tests="3" name="Examples.AnnotationMavenDemo" time="0.003" errors="0" timestamp="2021-06-27T12:00:26 IST" skipped="0">
  <testcase classname="Examples.AnnotationMavenDemo" name="tc1" time="0.003"/>
  <system-out/>
  <testcase classname="Examples.AnnotationMavenDemo" name="tc3" time="0.000"/>
  <system-out/>
  <testcase classname="Examples.AnnotationMavenDemo" name="tc2" time="0.000"/>
  <system-out/>
</testsuite> <!-- Examples.AnnotationMavenDemo -->
